<?xml version="1.0" encoding="UTF-8"?>
<robot generator="Robot 7.3.2 (Python 3.12.3 on linux)" generated="2025-12-11T10:36:38.008926" rpa="false" schemaversion="5">
<suite id="s1" name="Login" source="/home/diogo/Documentos/academy-blacklist/tests/ui/login/login.robot">
<test id="s1-t1" name="Cenario 01: Login de usuário com sucesso" line="9">
<kw name="Abrir Navegador" owner="common" type="SETUP">
<kw name="Get Environment Variable" owner="OperatingSystem">
<msg time="2025-12-11T10:36:38.479572" level="INFO">${headless} = False</msg>
<var>${headless}</var>
<arg>CI</arg>
<arg>default=False</arg>
<doc>Returns the value of an environment variable with the given name.</doc>
<status status="PASS" start="2025-12-11T10:36:38.479261" elapsed="0.000356"/>
</kw>
<kw name="Run Keyword If" owner="BuiltIn">
<kw name="Abrir Navegador Interface" owner="common">
<kw name="Open Browser" owner="SeleniumLibrary">
<msg time="2025-12-11T10:36:38.480712" level="INFO">Opening browser 'Chrome' to base url 'https://blacklist.qacoders.dev.br'.</msg>
<arg>${BASE_URL_UI}</arg>
<arg>Chrome</arg>
<doc>Opens a new browser instance to the optional ``url``.</doc>
<status status="PASS" start="2025-12-11T10:36:38.480495" elapsed="6.323028"/>
</kw>
<kw name="Maximize Browser Window" owner="SeleniumLibrary">
<doc>Maximizes current browser window.</doc>
<status status="PASS" start="2025-12-11T10:36:44.803766" elapsed="0.034333"/>
</kw>
<status status="PASS" start="2025-12-11T10:36:38.480166" elapsed="6.358224"/>
</kw>
<arg>'${headless}' == 'true'</arg>
<arg>Abrir Navegador Headless</arg>
<arg>ELSE</arg>
<arg>Abrir Navegador Interface</arg>
<doc>Runs the given keyword with the given arguments, if ``condition`` is true.</doc>
<status status="PASS" start="2025-12-11T10:36:38.479821" elapsed="6.358783"/>
</kw>
<status status="PASS" start="2025-12-11T10:36:38.477702" elapsed="6.361143"/>
</kw>
<kw name="Dado que estou na página de login" owner="login">
<kw name="Wait Until Location Is" owner="SeleniumLibrary">
<arg>${BASE_URL_UI}/login</arg>
<doc>Waits until the current URL is ``expected``.</doc>
<status status="PASS" start="2025-12-11T10:36:44.840605" elapsed="1.280447"/>
</kw>
<kw name="Location Should Be" owner="SeleniumLibrary">
<msg time="2025-12-11T10:36:46.126361" level="INFO">Current location is 'https://blacklist.qacoders.dev.br/login'.</msg>
<arg>${BASE_URL_UI}/login</arg>
<doc>Verifies that the current URL is exactly ``url``.</doc>
<status status="PASS" start="2025-12-11T10:36:46.121255" elapsed="0.005325"/>
</kw>
<status status="PASS" start="2025-12-11T10:36:44.839790" elapsed="1.286959"/>
</kw>
<kw name="Quando eu inserir um usuário válido e senha válida" owner="login">
<kw name="Wait Until Element Is Visible" owner="SeleniumLibrary">
<arg>${ID_EMAIL}</arg>
<doc>Waits until the element ``locator`` is visible.</doc>
<status status="PASS" start="2025-12-11T10:36:46.127958" elapsed="0.026638"/>
</kw>
<kw name="Input Text" owner="SeleniumLibrary">
<msg time="2025-12-11T10:36:46.155105" level="INFO">Typing text 'blacklist_robot@qa.com' into text field 'id:email'.</msg>
<arg>${ID_EMAIL}</arg>
<arg>${USER_MAIL}</arg>
<doc>Types the given ``text`` into the text field identified by ``locator``.</doc>
<status status="PASS" start="2025-12-11T10:36:46.154787" elapsed="0.216879"/>
</kw>
<kw name="Wait Until Element Is Visible" owner="SeleniumLibrary">
<arg>${ID_PASSWORD}</arg>
<doc>Waits until the element ``locator`` is visible.</doc>
<status status="PASS" start="2025-12-11T10:36:46.372139" elapsed="0.036884"/>
</kw>
<kw name="Input Password" owner="SeleniumLibrary">
<msg time="2025-12-11T10:36:46.410043" level="INFO">Typing password into text field 'id:password'.</msg>
<msg time="2025-12-11T10:36:46.469116" level="INFO">Temporally setting log level to: NONE</msg>
<arg>${ID_PASSWORD}</arg>
<arg>${USER_PASSWORD}</arg>
<doc>Types the given password into the text field identified by ``locator``.</doc>
<status status="PASS" start="2025-12-11T10:36:46.409407" elapsed="0.148124"/>
</kw>
<status status="PASS" start="2025-12-11T10:36:46.127372" elapsed="0.430673"/>
</kw>
<kw name="E clicar no botão de login" owner="login">
<kw name="Wait Until Element Is Visible" owner="SeleniumLibrary">
<arg>${ID_LOGIN}</arg>
<doc>Waits until the element ``locator`` is visible.</doc>
<status status="PASS" start="2025-12-11T10:36:46.559867" elapsed="0.040668"/>
</kw>
<kw name="Click Button" owner="SeleniumLibrary">
<msg time="2025-12-11T10:36:46.601996" level="INFO">Clicking button 'id:login'.</msg>
<arg>${ID_LOGIN}</arg>
<doc>Clicks the button identified by ``locator``.</doc>
<status status="PASS" start="2025-12-11T10:36:46.601064" elapsed="0.176484"/>
</kw>
<status status="PASS" start="2025-12-11T10:36:46.558740" elapsed="0.219087"/>
</kw>
<kw name="Então devo ser redirecionado para a página Home" owner="login">
<kw name="Wait Until Location Is" owner="SeleniumLibrary">
<arg>${BASE_URL_UI}/home</arg>
<doc>Waits until the current URL is ``expected``.</doc>
<status status="PASS" start="2025-12-11T10:36:46.778748" elapsed="1.576156"/>
</kw>
<kw name="Location Should Be" owner="SeleniumLibrary">
<msg time="2025-12-11T10:36:48.363669" level="INFO">Current location is 'https://blacklist.qacoders.dev.br/home'.</msg>
<arg>${BASE_URL_UI}/home</arg>
<doc>Verifies that the current URL is exactly ``url``.</doc>
<status status="PASS" start="2025-12-11T10:36:48.355378" elapsed="0.008495"/>
</kw>
<status status="PASS" start="2025-12-11T10:36:46.778156" elapsed="1.585939"/>
</kw>
<kw name="Fechar Navegador" owner="common" type="TEARDOWN">
<kw name="Close Browser" owner="SeleniumLibrary">
<doc>Closes the current browser.</doc>
<status status="PASS" start="2025-12-11T10:36:48.365531" elapsed="0.115524"/>
</kw>
<status status="PASS" start="2025-12-11T10:36:48.364786" elapsed="0.116406"/>
</kw>
<doc>Realizar login</doc>
<status status="PASS" start="2025-12-11T10:36:38.476835" elapsed="10.004501"/>
</test>
<status status="PASS" start="2025-12-11T10:36:38.010312" elapsed="10.471644"/>
</suite>
<statistics>
<total>
<stat pass="1" fail="0" skip="0">All Tests</stat>
</total>
<tag>
</tag>
<suite>
<stat name="Login" id="s1" pass="1" fail="0" skip="0">Login</stat>
</suite>
</statistics>
<errors>
</errors>
</robot>
